# JRE version: Java(TM) SE Runtime Environment (8.0_122-b04) (build 1.8.0_122-ea-b04)
# Java VM: Java HotSpot(TM) 64-Bit Server VM (25.122-b04 mixed mode windows-amd64 compressed oops)
Heap:
 PSYoungGen      total 52736K, used 6509K [0x00000000e1400000, 0x00000000e4b00000, 0x0000000100000000)
  eden space 49152K, 13% used [0x00000000e1400000,0x00000000e1a5b4e0,0x00000000e4400000)
  from space 3584K, 0% used [0x00000000e4780000,0x00000000e4780000,0x00000000e4b00000)
  to   space 3584K, 0% used [0x00000000e4400000,0x00000000e4400000,0x00000000e4780000)
 ParOldGen       total 40960K, used 12027K [0x00000000a3c00000, 0x00000000a6400000, 0x00000000e1400000)
  object space 40960K, 29% used [0x00000000a3c00000,0x00000000a47bed00,0x00000000a6400000)
 Metaspace       used 35893K, capacity 37434K, committed 37632K, reserved 1089536K
  class space    used 4970K, capacity 5263K, committed 5376K, reserved 1048576K
GC Heap History (10 events):
Event: 5.852 GC heap before
{Heap before GC invocations=9 (full 1):
 PSYoungGen      total 52736K, used 52704K [0x00000000e1400000, 0x00000000e4b00000, 0x0000000100000000)
  eden space 49152K, 100% used [0x00000000e1400000,0x00000000e4400000,0x00000000e4400000)
  from space 3584K, 99% used [0x00000000e4400000,0x00000000e4778020,0x00000000e4780000)
  to   space 3584K, 0% used [0x00000000e4780000,0x00000000e4780000,0x00000000e4b00000)
 ParOldGen       total 40960K, used 12256K [0x00000000a3c00000, 0x00000000a6400000, 0x00000000e1400000)
  object space 40960K, 29% used [0x00000000a3c00000,0x00000000a47f8130,0x00000000a6400000)
 Metaspace       used 31023K, capacity 32482K, committed 32768K, reserved 1077248K
  class space    used 4194K, capacity 4499K, committed 4608K, reserved 1048576K
Event: 5.866 GC heap after
Heap after GC invocations=9 (full 1):
 PSYoungGen      total 52736K, used 3568K [0x00000000e1400000, 0x00000000e4b00000, 0x0000000100000000)
  eden space 49152K, 0% used [0x00000000e1400000,0x00000000e1400000,0x00000000e4400000)
  from space 3584K, 99% used [0x00000000e4780000,0x00000000e4afc030,0x00000000e4b00000)
  to   space 3584K, 0% used [0x00000000e4400000,0x00000000e4400000,0x00000000e4780000)
 ParOldGen       total 40960K, used 15504K [0x00000000a3c00000, 0x00000000a6400000, 0x00000000e1400000)
  object space 40960K, 37% used [0x00000000a3c00000,0x00000000a4b24360,0x00000000a6400000)
 Metaspace       used 31023K, capacity 32482K, committed 32768K, reserved 1077248K
  class space    used 4194K, capacity 4499K, committed 4608K, reserved 1048576K
}
Event: 6.374 GC heap before
{Heap before GC invocations=10 (full 1):
 PSYoungGen      total 52736K, used 32544K [0x00000000e1400000, 0x00000000e4b00000, 0x0000000100000000)
  eden space 49152K, 58% used [0x00000000e1400000,0x00000000e304c158,0x00000000e4400000)
  from space 3584K, 99% used [0x00000000e4780000,0x00000000e4afc030,0x00000000e4b00000)
  to   space 3584K, 0% used [0x00000000e4400000,0x00000000e4400000,0x00000000e4780000)
 ParOldGen       total 40960K, used 15504K [0x00000000a3c00000, 0x00000000a6400000, 0x00000000e1400000)
  object space 40960K, 37% used [0x00000000a3c00000,0x00000000a4b24360,0x00000000a6400000)
 Metaspace       used 33896K, capacity 35426K, committed 35496K, reserved 1079296K
  class space    used 4749K, capacity 5065K, committed 5120K, reserved 1048576K
Event: 6.384 GC heap after
Heap after GC invocations=10 (full 1):
 PSYoungGen      total 52736K, used 3568K [0x00000000e1400000, 0x00000000e4b00000, 0x0000000100000000)
  eden space 49152K, 0% used [0x00000000e1400000,0x00000000e1400000,0x00000000e4400000)
  from space 3584K, 99% used [0x00000000e4400000,0x00000000e477c1a8,0x00000000e4780000)
  to   space 3584K, 0% used [0x00000000e4780000,0x00000000e4780000,0x00000000e4b00000)
 ParOldGen       total 40960K, used 18746K [0x00000000a3c00000, 0x00000000a6400000, 0x00000000e1400000)
  object space 40960K, 45% used [0x00000000a3c00000,0x00000000a4e4e970,0x00000000a6400000)
 Metaspace       used 33896K, capacity 35426K, committed 35496K, reserved 1079296K
  class space    used 4749K, capacity 5065K, committed 5120K, reserved 1048576K
}
Event: 6.384 GC heap before
{Heap before GC invocations=11 (full 2):
 PSYoungGen      total 52736K, used 3568K [0x00000000e1400000, 0x00000000e4b00000, 0x0000000100000000)
  eden space 49152K, 0% used [0x00000000e1400000,0x00000000e1400000,0x00000000e4400000)
  from space 3584K, 99% used [0x00000000e4400000,0x00000000e477c1a8,0x00000000e4780000)
  to   space 3584K, 0% used [0x00000000e4780000,0x00000000e4780000,0x00000000e4b00000)
 ParOldGen       total 40960K, used 18746K [0x00000000a3c00000, 0x00000000a6400000, 0x00000000e1400000)
  object space 40960K, 45% used [0x00000000a3c00000,0x00000000a4e4e970,0x00000000a6400000)
 Metaspace       used 33896K, capacity 35426K, committed 35496K, reserved 1079296K
  class space    used 4749K, capacity 5065K, committed 5120K, reserved 1048576K
Event: 6.473 GC heap after
Heap after GC invocations=11 (full 2):
 PSYoungGen      total 52736K, used 0K [0x00000000e1400000, 0x00000000e4b00000, 0x0000000100000000)
  eden space 49152K, 0% used [0x00000000e1400000,0x00000000e1400000,0x00000000e4400000)
  from space 3584K, 0% used [0x00000000e4400000,0x00000000e4400000,0x00000000e4780000)
  to   space 3584K, 0% used [0x00000000e4780000,0x00000000e4780000,0x00000000e4b00000)
 ParOldGen       total 40960K, used 15417K [0x00000000a3c00000, 0x00000000a6400000, 0x00000000e1400000)
  object space 40960K, 37% used [0x00000000a3c00000,0x00000000a4b0e430,0x00000000a6400000)
 Metaspace       used 33896K, capacity 35426K, committed 35496K, reserved 1079296K
  class space    used 4749K, capacity 5065K, committed 5120K, reserved 1048576K
}
Event: 6.772 GC heap before
{Heap before GC invocations=12 (full 2):
 PSYoungGen      total 52736K, used 8351K [0x00000000e1400000, 0x00000000e4b00000, 0x0000000100000000)
  eden space 49152K, 16% used [0x00000000e1400000,0x00000000e1c27e40,0x00000000e4400000)
  from space 3584K, 0% used [0x00000000e4400000,0x00000000e4400000,0x00000000e4780000)
  to   space 3584K, 0% used [0x00000000e4780000,0x00000000e4780000,0x00000000e4b00000)
 ParOldGen       total 40960K, used 15417K [0x00000000a3c00000, 0x00000000a6400000, 0x00000000e1400000)
  object space 40960K, 37% used [0x00000000a3c00000,0x00000000a4b0e430,0x00000000a6400000)
 Metaspace       used 35070K, capacity 36598K, committed 36736K, reserved 1087488K
  class space    used 4885K, capacity 5197K, committed 5248K, reserved 1048576K
Event: 6.774 GC heap after
Heap after GC invocations=12 (full 2):
 PSYoungGen      total 52736K, used 1214K [0x00000000e1400000, 0x00000000e4b00000, 0x0000000100000000)
  eden space 49152K, 0% used [0x00000000e1400000,0x00000000e1400000,0x00000000e4400000)
  from space 3584K, 33% used [0x00000000e4780000,0x00000000e48af8e8,0x00000000e4b00000)
  to   space 3584K, 0% used [0x00000000e4400000,0x00000000e4400000,0x00000000e4780000)
 ParOldGen       total 40960K, used 15417K [0x00000000a3c00000, 0x00000000a6400000, 0x00000000e1400000)
  object space 40960K, 37% used [0x00000000a3c00000,0x00000000a4b0e430,0x00000000a6400000)
 Metaspace       used 35070K, capacity 36598K, committed 36736K, reserved 1087488K
  class space    used 4885K, capacity 5197K, committed 5248K, reserved 1048576K
}
Event: 6.774 GC heap before
{Heap before GC invocations=13 (full 3):
 PSYoungGen      total 52736K, used 1214K [0x00000000e1400000, 0x00000000e4b00000, 0x0000000100000000)
  eden space 49152K, 0% used [0x00000000e1400000,0x00000000e1400000,0x00000000e4400000)
  from space 3584K, 33% used [0x00000000e4780000,0x00000000e48af8e8,0x00000000e4b00000)
  to   space 3584K, 0% used [0x00000000e4400000,0x00000000e4400000,0x00000000e4780000)
 ParOldGen       total 40960K, used 15417K [0x00000000a3c00000, 0x00000000a6400000, 0x00000000e1400000)
  object space 40960K, 37% used [0x00000000a3c00000,0x00000000a4b0e430,0x00000000a6400000)
 Metaspace       used 35070K, capacity 36598K, committed 36736K, reserved 1087488K
  class space    used 4885K, capacity 5197K, committed 5248K, reserved 1048576K
Event: 6.920 GC heap after
Heap after GC invocations=13 (full 3):
 PSYoungGen      total 52736K, used 0K [0x00000000e1400000, 0x00000000e4b00000, 0x0000000100000000)
  eden space 49152K, 0% used [0x00000000e1400000,0x00000000e1400000,0x00000000e4400000)
  from space 3584K, 0% used [0x00000000e4780000,0x00000000e4780000,0x00000000e4b00000)
  to   space 3584K, 0% used [0x00000000e4400000,0x00000000e4400000,0x00000000e4780000)
 ParOldGen       total 40960K, used 12027K [0x00000000a3c00000, 0x00000000a6400000, 0x00000000e1400000)
  object space 40960K, 29% used [0x00000000a3c00000,0x00000000a47bed00,0x00000000a6400000)
 Metaspace       used 35070K, capacity 36598K, committed 36736K, reserved 1085440K
  class space    used 4885K, capacity 5197K, committed 5248K, reserved 1048576K
}

